<?xml version="1.0" encoding="UTF-8"?>
<!-- Generated by org.testng.reporters.JUnitXMLReporter -->
<testsuite hostname="Rohit-pc" name="Validating title of the page" tests="2" failures="2" timestamp="28 May 2019 10:53:08 GMT" time="22.784" errors="0">
  <testcase name="VerifyTitle" time="0.068" classname="Academy.VerifyTitle">
    <failure type="java.lang.AssertionError" message="expected [FEATURED COURSES123] but found [FEATURED COURSES]">
      <![CDATA[java.lang.AssertionError: expected [FEATURED COURSES123] but found [FEATURED COURSES]
	at Academy.VerifyTitle.VerifyTitle(VerifyTitle.java:42)
... Removed 29 stack frames]]>
    </failure>
  </testcase> <!-- VerifyTitle -->
  <testcase name="VerifyTitle" time="0.08" classname="Academy.VerifyTitle">
    <failure type="java.lang.NullPointerException">
      <![CDATA[java.lang.NullPointerException
	at resources2.base.takeScreenshot(base.java:73)
	at Academy.listeners.onTestFailure(listeners.java:28)
... Removed 21 stack frames]]>
    </failure>
  </testcase> <!-- VerifyTitle -->
</testsuite> <!-- Validating title of the page -->
