<?xml version="1.0" encoding="UTF-8"?>
<testng-results skipped="0" failed="0" total="1" passed="1">
  <reporter-output>
  </reporter-output>
  <suite name="Default suite" duration-ms="15134" started-at="2019-06-03T10:35:12Z" finished-at="2019-06-03T10:35:27Z">
    <groups>
    </groups>
    <test name="Default test" duration-ms="15134" started-at="2019-06-03T10:35:12Z" finished-at="2019-06-03T10:35:27Z">
      <class name="com.primusbank.selenium.tests.PrimusLoginExcelDrivenTest">
        <test-method status="PASS" signature="StartBrowser()[pri:0, instance:com.primusbank.selenium.tests.PrimusLoginExcelDrivenTest@5c7fa833]" name="StartBrowser" is-config="true" duration-ms="6803" started-at="2019-06-03T20:35:12Z" finished-at="2019-06-03T20:35:19Z">
          <reporter-output>
          </reporter-output>
        </test-method> <!-- StartBrowser -->
        <test-method status="PASS" signature="PBLoginExcelDriver()[pri:0, instance:com.primusbank.selenium.tests.PrimusLoginExcelDrivenTest@5c7fa833]" name="PBLoginExcelDriver" duration-ms="7435" started-at="2019-06-03T20:35:19Z" finished-at="2019-06-03T20:35:26Z">
          <reporter-output>
          </reporter-output>
        </test-method> <!-- PBLoginExcelDriver -->
        <test-method status="PASS" signature="QuitBrowser()[pri:0, instance:com.primusbank.selenium.tests.PrimusLoginExcelDrivenTest@5c7fa833]" name="QuitBrowser" is-config="true" duration-ms="880" started-at="2019-06-03T20:35:26Z" finished-at="2019-06-03T20:35:27Z">
          <reporter-output>
          </reporter-output>
        </test-method> <!-- QuitBrowser -->
      </class> <!-- com.primusbank.selenium.tests.PrimusLoginExcelDrivenTest -->
    </test> <!-- Default test -->
  </suite> <!-- Default suite -->
</testng-results>
